<?xml version="1.0" encoding="utf-8"?><testsuites><testsuite name="pytest" errors="0" failures="0" skipped="0" tests="0" time="0.082" timestamp="2024-12-24T18:39:48.749801-05:00" hostname="Macmini" /></testsuites>